<?xml version="1.0" encoding="UTF-8"?>
<testsuite xmlns:xsi="http://www.w3.org/2001/XMLSchema-instance" xsi:noNamespaceSchemaLocation="https://maven.apache.org/surefire/maven-surefire-plugin/xsd/surefire-test-report-3.0.xsd" version="3.0" name="ro.nn.qa.test4nn.ExpectTest" time="2.395" tests="2" errors="0" skipped="0" failures="0">
  <properties>
[...]
</properties>
  <testcase name="testExpect4NN" classname="ro.nn.qa.test4nn.ExpectTest" time="1.742">
    <system-out><![CDATA[[TEST SETUP] Starting AS400 simulator server...
[TEST SETUP] AS400 simulator already running on port 23
Writing 'hello' to the pipe
Looking for '.*llo' pattern...
0 [main] DEBUG ro.nn.qa.expect4nn.Expect  - Expecting [.*llo]
1 [main] TRACE ro.nn.qa.expect4nn.Expect  - trying to match .*llo against buffer ""
Wrote 'hello', waiting before writing ' world'
74 [main] DEBUG ro.nn.qa.expect4nn.Expect  - Obtained following from InputStream: hello
74 [main] TRACE ro.nn.qa.expect4nn.Expect  - trying to match .*llo against buffer "hello"
74 [main] TRACE ro.nn.qa.expect4nn.Expect  - success!
After '.*llo' match: hello, result=0
Looking for 'world' pattern with zero timeout (should timeout)...
75 [main] DEBUG ro.nn.qa.expect4nn.Expect  - Expecting [\Qworld\E]
75 [main] TRACE ro.nn.qa.expect4nn.Expect  - trying to match \Qworld\E against buffer ""
75 [main] DEBUG ro.nn.qa.expect4nn.Expect  - Timeout when expecting [\Qworld\E]
After first 'world' search: match=null, retv=-1
Looking for 'world' pattern with longer timeout...
75 [main] DEBUG ro.nn.qa.expect4nn.Expect  - Expecting [\Qworld\E]
75 [main] TRACE ro.nn.qa.expect4nn.Expect  - trying to match \Qworld\E against buffer ""
Writing ' world' to the pipe
Wrote ' world'
1086 [main] DEBUG ro.nn.qa.expect4nn.Expect  - Obtained following from InputStream:  world
1086 [main] TRACE ro.nn.qa.expect4nn.Expect  - trying to match \Qworld\E against buffer " world"
1086 [main] TRACE ro.nn.qa.expect4nn.Expect  - success!
After second 'world' search: match=world, result=0
Waiting for EOF...
1086 [main] DEBUG ro.nn.qa.expect4nn.Expect  - Expecting []
Output stream closed
1598 [InputStream via SelectableChannel] DEBUG ro.nn.qa.expect4nn.Expect  - EOF from InputStream
1599 [InputStream via SelectableChannel] DEBUG ro.nn.qa.expect4nn.Expect  - closed sink of the pipe
1599 [main] DEBUG ro.nn.qa.expect4nn.Expect  - EOF when expecting []
After EOF: isSuccess=true, result=-2
Test completed successfully
]]></system-out>
  </testcase>
  <testcase name="testTelnet" classname="ro.nn.qa.test4nn.ExpectTest" time="0.584">
    <system-out><![CDATA[Connecting to localhost:23...
Successfully connected to AS400 simulator
Waiting for AS400 sign-on screen...
1642 [main] DEBUG ro.nn.qa.expect4nn.Expect  - Expecting [(?i).*sign.*on.*, (?i).*AS400SIM.*, (?i).*user.*]
1642 [main] TRACE ro.nn.qa.expect4nn.Expect  - trying to match (?i).*sign.*on.* against buffer ""
1642 [main] TRACE ro.nn.qa.expect4nn.Expect  - trying to match (?i).*AS400SIM.* against buffer ""
1643 [main] TRACE ro.nn.qa.expect4nn.Expect  - trying to match (?i).*user.* against buffer ""
1643 [main] DEBUG ro.nn.qa.expect4nn.Expect  - Obtained following from InputStream:                              Sign On                               \n                                                                   \n System . . . . :   AS400SIM                                      \n Subsystem  . . :   QINTER                                        \n Display  . . . :   QPADEV0001                                    \n                                                                   \n User . . . . . . :   ________                                    \n Password . . . . :   ________                                    \n Program/procedure:   ________                                    \n Menu . . . . . . :   ________                                    \n Current library  :   ________                                    \n                                                                   \n                                                                   \n (C) COPYRIGHT IBM CORP. 1980, 2023.                             \n                                                                   \n              
1644 [main] TRACE ro.nn.qa.expect4nn.Expect  - trying to match (?i).*sign.*on.* against buffer "                             Sign On                               
                                                                   
 System . . . . :   AS400SIM                                      
 Subsystem  . . :   QINTER                                        
 Display  . . . :   QPADEV0001                                    
                                                                   
 User . . . . . . :   ________                                    
 Password . . . . :   ________                                    
 Program/procedure:   ________                                    
 Menu . . . . . . :   ________                                    
 Current library  :   ________                                    
                                                                   
                                                                   
 (C) COPYRIGHT IBM CORP. 1980, 2023.                             
                                                                   
              "
1644 [main] TRACE ro.nn.qa.expect4nn.Expect  - success!
Sign-on screen detected, matched pattern: 0
Matched text:                              Sign On                               
Sending authentication: GIUROAL
Sending password: Bucuresti2
Waiting for main menu...
2156 [main] DEBUG ro.nn.qa.expect4nn.Expect  - Expecting [(?i).*MAIN.*MENU.*, (?i).*Select.*following.*, (?i).*User.*tasks.*]
2156 [main] TRACE ro.nn.qa.expect4nn.Expect  - trying to match (?i).*MAIN.*MENU.* against buffer "
                                                                   
 System . . . . :   AS400SIM                                      
 Subsystem  . . :   QINTER                                        
 Display  . . . :   QPADEV0001                                    
                                                                   
 User . . . . . . :   ________                                    
 Password . . . . :   ________                                    
 Program/procedure:   ________                                    
 Menu . . . . . . :   ________                                    
 Current library  :   ________                                    
                                                                   
                                                                   
 (C) COPYRIGHT IBM CORP. 1980, 2023.                             
                                                                   
              "
2158 [main] TRACE ro.nn.qa.expect4nn.Expect  - trying to match (?i).*Select.*following.* against buffer "
                                                                   
 System . . . . :   AS400SIM                                      
 Subsystem  . . :   QINTER                                        
 Display  . . . :   QPADEV0001                                    
                                                                   
 User . . . . . . :   ________                                    
 Password . . . . :   ________                                    
 Program/procedure:   ________                                    
 Menu . . . . . . :   ________                                    
 Current library  :   ________                                    
                                                                   
                                                                   
 (C) COPYRIGHT IBM CORP. 1980, 2023.                             
                                                                   
              "
2160 [main] TRACE ro.nn.qa.expect4nn.Expect  - trying to match (?i).*User.*tasks.* against buffer "
                                                                   
 System . . . . :   AS400SIM                                      
 Subsystem  . . :   QINTER                                        
 Display  . . . :   QPADEV0001                                    
                                                                   
 User . . . . . . :   ________                                    
 Password . . . . :   ________                                    
 Program/procedure:   ________                                    
 Menu . . . . . . :   ________                                    
 Current library  :   ________                                    
                                                                   
                                                                   
 (C) COPYRIGHT IBM CORP. 1980, 2023.                             
                                                                   
              "
2161 [main] DEBUG ro.nn.qa.expect4nn.Expect  - Obtained following from InputStream:                                                      \n                                                                   \n                                                                   \n                                                                   \n                                                                   \n                                                                   \n                                                                   \n                                                                   \n                                                                   \n\r\n                             Sign On                               \n                                                                   \n System . . . . :   AS400SIM                                      \n Subsystem  . . :   QINTER                                        \n Display  . . . :   QPADEV0001                                    \n                                                                   \n User . . . . . . :
2161 [main] TRACE ro.nn.qa.expect4nn.Expect  - trying to match (?i).*MAIN.*MENU.* against buffer "
                                                                   
 System . . . . :   AS400SIM                                      
 Subsystem  . . :   QINTER                                        
 Display  . . . :   QPADEV0001                                    
                                                                   
 User . . . . . . :   ________                                    
 Password . . . . :   ________                                    
 Program/procedure:   ________                                    
 Menu . . . . . . :   ________                                    
 Current library  :   ________                                    
                                                                   
                                                                   
 (C) COPYRIGHT IBM CORP. 1980, 2023.                             
                                                                   
                                                                   
                                                                   
                                                                   
                                                                   
                                                                   
                                                                   
                                                                   
                                                                   
                                                                   

                             Sign On                               
                                                                   
 System . . . . :   AS400SIM                                      
 Subsystem  . . :   QINTER                                        
 Display  . . . :   QPADEV0001                                    
                                                                   
 User . . . . . . :"
2164 [main] TRACE ro.nn.qa.expect4nn.Expect  - trying to match (?i).*Select.*following.* against buffer "
                                                                   
 System . . . . :   AS400SIM                                      
 Subsystem  . . :   QINTER                                        
 Display  . . . :   QPADEV0001                                    
                                                                   
 User . . . . . . :   ________                                    
 Password . . . . :   ________                                    
 Program/procedure:   ________                                    
 Menu . . . . . . :   ________                                    
 Current library  :   ________                                    
                                                                   
                                                                   
 (C) COPYRIGHT IBM CORP. 1980, 2023.                             
                                                                   
                                                                   
                                                                   
                                                                   
                                                                   
                                                                   
                                                                   
                                                                   
                                                                   
                                                                   

                             Sign On                               
                                                                   
 System . . . . :   AS400SIM                                      
 Subsystem  . . :   QINTER                                        
 Display  . . . :   QPADEV0001                                    
                                                                   
 User . . . . . . :"
2166 [main] TRACE ro.nn.qa.expect4nn.Expect  - trying to match (?i).*User.*tasks.* against buffer "
                                                                   
 System . . . . :   AS400SIM                                      
 Subsystem  . . :   QINTER                                        
 Display  . . . :   QPADEV0001                                    
                                                                   
 User . . . . . . :   ________                                    
 Password . . . . :   ________                                    
 Program/procedure:   ________                                    
 Menu . . . . . . :   ________                                    
 Current library  :   ________                                    
                                                                   
                                                                   
 (C) COPYRIGHT IBM CORP. 1980, 2023.                             
                                                                   
                                                                   
                                                                   
                                                                   
                                                                   
                                                                   
                                                                   
                                                                   
                                                                   
                                                                   

                             Sign On                               
                                                                   
 System . . . . :   AS400SIM                                      
 Subsystem  . . :   QINTER                                        
 Display  . . . :   QPADEV0001                                    
                                                                   
 User . . . . . . :"
2168 [main] DEBUG ro.nn.qa.expect4nn.Expect  - Obtained following from InputStream:    ________                                    \n Password . . . . :   ________                                    \n Program/procedure:   ________                                    \n Menu . . . . . . :   ________                                    \n Current library  :   ________                                    \n                                                                   \n                                                                   \n (C) COPYRIGHT IBM CORP. 1980, 2023.                             \n                                                                   \n                                                                   \n                                                                   \n                                                                   \n                                                                   \n                                                                   \n                                                                   \n                              
2169 [main] TRACE ro.nn.qa.expect4nn.Expect  - trying to match (?i).*MAIN.*MENU.* against buffer "
                                                                   
 System . . . . :   AS400SIM                                      
 Subsystem  . . :   QINTER                                        
 Display  . . . :   QPADEV0001                                    
                                                                   
 User . . . . . . :   ________                                    
 Password . . . . :   ________                                    
 Program/procedure:   ________                                    
 Menu . . . . . . :   ________                                    
 Current library  :   ________                                    
                                                                   
                                                                   
 (C) COPYRIGHT IBM CORP. 1980, 2023.                             
                                                                   
                                                                   
                                                                   
                                                                   
                                                                   
                                                                   
                                                                   
                                                                   
                                                                   
                                                                   

                             Sign On                               
                                                                   
 System . . . . :   AS400SIM                                      
 Subsystem  . . :   QINTER                                        
 Display  . . . :   QPADEV0001                                    
                                                                   
 User . . . . . . :   ________                                    
 Password . . . . :   ________                                    
 Program/procedure:   ________                                    
 Menu . . . . . . :   ________                                    
 Current library  :   ________                                    
                                                                   
                                                                   
 (C) COPYRIGHT IBM CORP. 1980, 2023.                             
                                                                   
                                                                   
                                                                   
                                                                   
                                                                   
                                                                   
                                                                   
                              "
2172 [main] TRACE ro.nn.qa.expect4nn.Expect  - trying to match (?i).*Select.*following.* against buffer "
                                                                   
 System . . . . :   AS400SIM                                      
 Subsystem  . . :   QINTER                                        
 Display  . . . :   QPADEV0001                                    
                                                                   
 User . . . . . . :   ________                                    
 Password . . . . :   ________                                    
 Program/procedure:   ________                                    
 Menu . . . . . . :   ________                                    
 Current library  :   ________                                    
                                                                   
                                                                   
 (C) COPYRIGHT IBM CORP. 1980, 2023.                             
                                                                   
                                                                   
                                                                   
                                                                   
                                                                   
                                                                   
                                                                   
                                                                   
                                                                   
                                                                   

                             Sign On                               
                                                                   
 System . . . . :   AS400SIM                                      
 Subsystem  . . :   QINTER                                        
 Display  . . . :   QPADEV0001                                    
                                                                   
 User . . . . . . :   ________                                    
 Password . . . . :   ________                                    
 Program/procedure:   ________                                    
 Menu . . . . . . :   ________                                    
 Current library  :   ________                                    
                                                                   
                                                                   
 (C) COPYRIGHT IBM CORP. 1980, 2023.                             
                                                                   
                                                                   
                                                                   
                                                                   
                                                                   
                                                                   
                                                                   
                              "
2175 [main] TRACE ro.nn.qa.expect4nn.Expect  - trying to match (?i).*User.*tasks.* against buffer "
                                                                   
 System . . . . :   AS400SIM                                      
 Subsystem  . . :   QINTER                                        
 Display  . . . :   QPADEV0001                                    
                                                                   
 User . . . . . . :   ________                                    
 Password . . . . :   ________                                    
 Program/procedure:   ________                                    
 Menu . . . . . . :   ________                                    
 Current library  :   ________                                    
                                                                   
                                                                   
 (C) COPYRIGHT IBM CORP. 1980, 2023.                             
                                                                   
                                                                   
                                                                   
                                                                   
                                                                   
                                                                   
                                                                   
                                                                   
                                                                   
                                                                   

                             Sign On                               
                                                                   
 System . . . . :   AS400SIM                                      
 Subsystem  . . :   QINTER                                        
 Display  . . . :   QPADEV0001                                    
                                                                   
 User . . . . . . :   ________                                    
 Password . . . . :   ________                                    
 Program/procedure:   ________                                    
 Menu . . . . . . :   ________                                    
 Current library  :   ________                                    
                                                                   
                                                                   
 (C) COPYRIGHT IBM CORP. 1980, 2023.                             
                                                                   
                                                                   
                                                                   
                                                                   
                                                                   
                                                                   
                                                                   
                              "
2178 [main] DEBUG ro.nn.qa.expect4nn.Expect  - Obtained following from InputStream:                                      \n                                                                   \n                                                                   \n\r\n                              MAIN MENU                           \n                                                                   \n System: AS400SIM                                                 \n                                                                   \n Select one of the following:                                     \n                                                                   \n      1. User tasks                                               \n      2. Office tasks                                             \n      3. General system tasks                                     \n      4. Files, libraries, and folders                           \n      5. Programming                                              \n      6. Communications                                           \n      7. Define or change the system      
2178 [main] TRACE ro.nn.qa.expect4nn.Expect  - trying to match (?i).*MAIN.*MENU.* against buffer "
                                                                   
 System . . . . :   AS400SIM                                      
 Subsystem  . . :   QINTER                                        
 Display  . . . :   QPADEV0001                                    
                                                                   
 User . . . . . . :   ________                                    
 Password . . . . :   ________                                    
 Program/procedure:   ________                                    
 Menu . . . . . . :   ________                                    
 Current library  :   ________                                    
                                                                   
                                                                   
 (C) COPYRIGHT IBM CORP. 1980, 2023.                             
                                                                   
                                                                   
                                                                   
                                                                   
                                                                   
                                                                   
                                                                   
                                                                   
                                                                   
                                                                   

                             Sign On                               
                                                                   
 System . . . . :   AS400SIM                                      
 Subsystem  . . :   QINTER                                        
 Display  . . . :   QPADEV0001                                    
                                                                   
 User . . . . . . :   ________                                    
 Password . . . . :   ________                                    
 Program/procedure:   ________                                    
 Menu . . . . . . :   ________                                    
 Current library  :   ________                                    
                                                                   
                                                                   
 (C) COPYRIGHT IBM CORP. 1980, 2023.                             
                                                                   
                                                                   
                                                                   
                                                                   
                                                                   
                                                                   
                                                                   
                                                                   
                                                                   
                                                                   

                              MAIN MENU                           
                                                                   
 System: AS400SIM                                                 
                                                                   
 Select one of the following:                                     
                                                                   
      1. User tasks                                               
      2. Office tasks                                             
      3. General system tasks                                     
      4. Files, libraries, and folders                           
      5. Programming                                              
      6. Communications                                           
      7. Define or change the system      "
2182 [main] TRACE ro.nn.qa.expect4nn.Expect  - success!
SUCCESS: Reached AS400 main menu!
Matched text:                               MAIN MENU                           
Test completed successfully
Disconnected from telnet
2182 [InputStream via SelectableChannel] DEBUG ro.nn.qa.expect4nn.Expect  - EOF from InputStream
]]></system-out>
  </testcase>
</testsuite>