<?xml version="1.0" encoding="UTF-8"?>
<testsuite xmlns:xsi="http://www.w3.org/2001/XMLSchema-instance" xsi:noNamespaceSchemaLocation="https://maven.apache.org/surefire/maven-surefire-plugin/xsd/surefire-test-report-3.0.xsd" version="3.0" name="ro.nn.qa.automation.tests.BusinessObjectUnitTest" time="0.12" tests="10" errors="0" skipped="0" failures="0">
  <properties>
[...]
</properties>
  <testcase name="testF4HelpFunctionality" classname="ro.nn.qa.automation.tests.BusinessObjectUnitTest" time="0.002">
    <system-out><![CDATA[2025-06-13 04:14:16 INFO  [MockAS400Terminal] Mock AS400 terminal initialized with screens: [ENDOWMENT_1, SIGNON, MAIN_MENU, CLIENT_ADMIN, NEW_BUSINESS, ENDOWMENT_2, NEW_CONTRACT]
2025-06-13 04:14:16 INFO  [MockAS400Terminal] Mock connection to AS400 host: localhost:23
2025-06-13 04:14:16 INFO  [MockAS400Terminal] Mock login attempt: GIUROAL / Bucuresti2
2025-06-13 04:14:16 INFO  [MockAS400Terminal] Mock login successful
2025-06-13 04:14:16 INFO  [MockAS400Terminal] Mock navigation to menu: new contract
2025-06-13 04:14:16 INFO  [MockAS400Terminal] Mock sendKeys: [pf4]
2025-06-13 04:14:16 INFO  [MockAS400Terminal] Mock F4 help activated on screen: NEW_CONTRACT
2025-06-13 04:14:16 INFO  [MockAS400Terminal] Mock AS400 terminal disconnected
]]></system-out>
  </testcase>
  <testcase name="testAmountValidation" classname="ro.nn.qa.automation.tests.BusinessObjectUnitTest" time="0.001">
    <system-out><![CDATA[2025-06-13 04:14:16 INFO  [MockAS400Terminal] Mock AS400 terminal initialized with screens: [ENDOWMENT_1, SIGNON, MAIN_MENU, CLIENT_ADMIN, NEW_BUSINESS, ENDOWMENT_2, NEW_CONTRACT]
2025-06-13 04:14:16 INFO  [MockAS400Terminal] Mock connection to AS400 host: localhost:23
2025-06-13 04:14:16 INFO  [MockAS400Terminal] Mock login attempt: GIUROAL / Bucuresti2
2025-06-13 04:14:16 INFO  [MockAS400Terminal] Mock login successful
2025-06-13 04:14:16 INFO  [MockAS400Terminal] Mock AS400 terminal disconnected
]]></system-out>
  </testcase>
  <testcase name="testBusinessObjectCreation" classname="ro.nn.qa.automation.tests.BusinessObjectUnitTest" time="0.102">
    <system-out><![CDATA[2025-06-13 04:14:16 INFO  [MockAS400Terminal] Mock AS400 terminal initialized with screens: [ENDOWMENT_1, SIGNON, MAIN_MENU, CLIENT_ADMIN, NEW_BUSINESS, ENDOWMENT_2, NEW_CONTRACT]
2025-06-13 04:14:16 INFO  [MockAS400Terminal] Mock connection to AS400 host: localhost:23
2025-06-13 04:14:16 INFO  [MockAS400Terminal] Mock login attempt: GIUROAL / Bucuresti2
2025-06-13 04:14:16 INFO  [MockAS400Terminal] Mock login successful
2025-06-13 04:14:16 ERROR [AS400Screen] Error refreshing screen
java.lang.NullPointerException: Cannot invoke "java.io.InputStream.available()" because "this.inputStream" is null
	at ro.nn.qa.automation.terminal.AS400Terminal.readCurrentScreen(AS400Terminal.java:290)
	at ro.nn.qa.automation.terminal.AS400Screen.refresh(AS400Screen.java:35)
	at ro.nn.qa.automation.terminal.AS400Screen.<init>(AS400Screen.java:27)
	at ro.nn.qa.business.BusinessObject.<init>(BusinessObject.java:36)
	at ro.nn.qa.business.BusinessObjectX.<init>(BusinessObjectX.java:30)
	at ro.nn.qa.automation.tests.BusinessObjectUnitTest.testBusinessObjectCreation(BusinessObjectUnitTest.java:56)
	at java.base/jdk.internal.reflect.DirectMethodHandleAccessor.invoke(DirectMethodHandleAccessor.java:104)
	at java.base/java.lang.reflect.Method.invoke(Method.java:577)
	at org.junit.runners.model.FrameworkMethod$1.runReflectiveCall(FrameworkMethod.java:59)
	at org.junit.internal.runners.model.ReflectiveCallable.run(ReflectiveCallable.java:12)
	at org.junit.runners.model.FrameworkMethod.invokeExplosively(FrameworkMethod.java:56)
	at org.junit.internal.runners.statements.InvokeMethod.evaluate(InvokeMethod.java:17)
	at org.junit.internal.runners.statements.RunBefores.evaluate(RunBefores.java:26)
	at org.junit.internal.runners.statements.RunAfters.evaluate(RunAfters.java:27)
	at org.junit.runners.ParentRunner$3.evaluate(ParentRunner.java:306)
	at org.junit.runners.BlockJUnit4ClassRunner$1.evaluate(BlockJUnit4ClassRunner.java:100)
	at org.junit.runners.ParentRunner.runLeaf(ParentRunner.java:366)
	at org.junit.runners.BlockJUnit4ClassRunner.runChild(BlockJUnit4ClassRunner.java:103)
	at org.junit.runners.BlockJUnit4ClassRunner.runChild(BlockJUnit4ClassRunner.java:63)
	at org.junit.runners.ParentRunner$4.run(ParentRunner.java:331)
	at org.junit.runners.ParentRunner$1.schedule(ParentRunner.java:79)
	at org.junit.runners.ParentRunner.runChildren(ParentRunner.java:329)
	at org.junit.runners.ParentRunner.access$100(ParentRunner.java:66)
	at org.junit.runners.ParentRunner$2.evaluate(ParentRunner.java:293)
	at org.junit.runners.ParentRunner$3.evaluate(ParentRunner.java:306)
	at org.junit.runners.ParentRunner.run(ParentRunner.java:413)
	at org.apache.maven.surefire.junit4.JUnit4Provider.execute(JUnit4Provider.java:316)
	at org.apache.maven.surefire.junit4.JUnit4Provider.executeWithRerun(JUnit4Provider.java:240)
	at org.apache.maven.surefire.junit4.JUnit4Provider.executeTestSet(JUnit4Provider.java:214)
	at org.apache.maven.surefire.junit4.JUnit4Provider.invoke(JUnit4Provider.java:155)
	at org.apache.maven.surefire.booter.ForkedBooter.runSuitesInProcess(ForkedBooter.java:385)
	at org.apache.maven.surefire.booter.ForkedBooter.execute(ForkedBooter.java:162)
	at org.apache.maven.surefire.booter.ForkedBooter.run(ForkedBooter.java:507)
	at org.apache.maven.surefire.booter.ForkedBooter.main(ForkedBooter.java:495)
2025-06-13 04:14:16 INFO  [MockAS400Terminal] Mock AS400 terminal disconnected
]]></system-out>
  </testcase>
  <testcase name="testContractCreationFlow" classname="ro.nn.qa.automation.tests.BusinessObjectUnitTest" time="0.002">
    <system-out><![CDATA[2025-06-13 04:14:16 INFO  [MockAS400Terminal] Mock AS400 terminal initialized with screens: [ENDOWMENT_1, SIGNON, MAIN_MENU, CLIENT_ADMIN, NEW_BUSINESS, ENDOWMENT_2, NEW_CONTRACT]
2025-06-13 04:14:16 INFO  [MockAS400Terminal] Mock connection to AS400 host: localhost:23
2025-06-13 04:14:16 INFO  [MockAS400Terminal] Mock login attempt: GIUROAL / Bucuresti2
2025-06-13 04:14:16 INFO  [MockAS400Terminal] Mock login successful
2025-06-13 04:14:16 INFO  [MockAS400Terminal] Mock navigation to menu: new contract
2025-06-13 04:14:16 INFO  [MockAS400Terminal] Mock setField[1] = 1R1
2025-06-13 04:14:16 INFO  [MockAS400Terminal] Mock setField[2] = John Doe
2025-06-13 04:14:16 INFO  [MockAS400Terminal] Mock setField[3] = 01/01/2025
2025-06-13 04:14:16 INFO  [MockAS400Terminal] Mock getField[1]
2025-06-13 04:14:16 INFO  [MockAS400Terminal] Mock AS400 terminal disconnected
]]></system-out>
  </testcase>
  <testcase name="testDateValidation" classname="ro.nn.qa.automation.tests.BusinessObjectUnitTest" time="0.002">
    <system-out><![CDATA[2025-06-13 04:14:16 INFO  [MockAS400Terminal] Mock AS400 terminal initialized with screens: [ENDOWMENT_1, SIGNON, MAIN_MENU, CLIENT_ADMIN, NEW_BUSINESS, ENDOWMENT_2, NEW_CONTRACT]
2025-06-13 04:14:16 INFO  [MockAS400Terminal] Mock connection to AS400 host: localhost:23
2025-06-13 04:14:16 INFO  [MockAS400Terminal] Mock login attempt: GIUROAL / Bucuresti2
2025-06-13 04:14:16 INFO  [MockAS400Terminal] Mock login successful
2025-06-13 04:14:16 INFO  [MockAS400Terminal] Mock AS400 terminal disconnected
]]></system-out>
  </testcase>
  <testcase name="testErrorHandling" classname="ro.nn.qa.automation.tests.BusinessObjectUnitTest" time="0.002">
    <system-out><![CDATA[2025-06-13 04:14:16 INFO  [MockAS400Terminal] Mock AS400 terminal initialized with screens: [ENDOWMENT_1, SIGNON, MAIN_MENU, CLIENT_ADMIN, NEW_BUSINESS, ENDOWMENT_2, NEW_CONTRACT]
2025-06-13 04:14:16 INFO  [MockAS400Terminal] Mock connection to AS400 host: localhost:23
2025-06-13 04:14:16 INFO  [MockAS400Terminal] Mock login attempt: GIUROAL / Bucuresti2
2025-06-13 04:14:16 INFO  [MockAS400Terminal] Mock login successful
2025-06-13 04:14:16 INFO  [MockAS400Terminal] Mock AS400 terminal initialized with screens: [ENDOWMENT_1, SIGNON, MAIN_MENU, CLIENT_ADMIN, NEW_BUSINESS, ENDOWMENT_2, NEW_CONTRACT]
2025-06-13 04:14:16 INFO  [MockAS400Terminal] Mock connection to AS400 host: localhost:23
2025-06-13 04:14:16 INFO  [MockAS400Terminal] Mock login attempt: INVALID / TEST
2025-06-13 04:14:16 WARN  [MockAS400Terminal] Mock login failed - invalid credentials
2025-06-13 04:14:16 INFO  [MockAS400Terminal] Mock AS400 terminal disconnected
]]></system-out>
  </testcase>
  <testcase name="testMainMenuNavigation" classname="ro.nn.qa.automation.tests.BusinessObjectUnitTest" time="0.001">
    <system-out><![CDATA[2025-06-13 04:14:16 INFO  [MockAS400Terminal] Mock AS400 terminal initialized with screens: [ENDOWMENT_1, SIGNON, MAIN_MENU, CLIENT_ADMIN, NEW_BUSINESS, ENDOWMENT_2, NEW_CONTRACT]
2025-06-13 04:14:16 INFO  [MockAS400Terminal] Mock connection to AS400 host: localhost:23
2025-06-13 04:14:16 INFO  [MockAS400Terminal] Mock login attempt: GIUROAL / Bucuresti2
2025-06-13 04:14:16 INFO  [MockAS400Terminal] Mock login successful
2025-06-13 04:14:16 INFO  [MockAS400Terminal] Mock navigation to menu: new business
2025-06-13 04:14:16 INFO  [MockAS400Terminal] Mock navigation to menu: client administration
2025-06-13 04:14:16 INFO  [MockAS400Terminal] Mock AS400 terminal disconnected
]]></system-out>
  </testcase>
  <testcase name="testSessionCleanup" classname="ro.nn.qa.automation.tests.BusinessObjectUnitTest" time="0.001">
    <system-out><![CDATA[2025-06-13 04:14:16 INFO  [MockAS400Terminal] Mock AS400 terminal initialized with screens: [ENDOWMENT_1, SIGNON, MAIN_MENU, CLIENT_ADMIN, NEW_BUSINESS, ENDOWMENT_2, NEW_CONTRACT]
2025-06-13 04:14:16 INFO  [MockAS400Terminal] Mock connection to AS400 host: localhost:23
2025-06-13 04:14:16 INFO  [MockAS400Terminal] Mock login attempt: GIUROAL / Bucuresti2
2025-06-13 04:14:16 INFO  [MockAS400Terminal] Mock login successful
2025-06-13 04:14:16 INFO  [MockAS400Terminal] Mock AS400 terminal disconnected
2025-06-13 04:14:16 INFO  [MockAS400Terminal] Mock AS400 terminal disconnected
]]></system-out>
  </testcase>
  <testcase name="testTerminalConnection" classname="ro.nn.qa.automation.tests.BusinessObjectUnitTest" time="0.003">
    <system-out><![CDATA[2025-06-13 04:14:16 INFO  [MockAS400Terminal] Mock AS400 terminal initialized with screens: [ENDOWMENT_1, SIGNON, MAIN_MENU, CLIENT_ADMIN, NEW_BUSINESS, ENDOWMENT_2, NEW_CONTRACT]
2025-06-13 04:14:16 INFO  [MockAS400Terminal] Mock connection to AS400 host: localhost:23
2025-06-13 04:14:16 INFO  [MockAS400Terminal] Mock login attempt: GIUROAL / Bucuresti2
2025-06-13 04:14:16 INFO  [MockAS400Terminal] Mock login successful
2025-06-13 04:14:16 INFO  [MockAS400Terminal] Mock AS400 terminal disconnected
]]></system-out>
  </testcase>
  <testcase name="testScreenNavigation" classname="ro.nn.qa.automation.tests.BusinessObjectUnitTest" time="0.002">
    <system-out><![CDATA[2025-06-13 04:14:16 INFO  [MockAS400Terminal] Mock AS400 terminal initialized with screens: [ENDOWMENT_1, SIGNON, MAIN_MENU, CLIENT_ADMIN, NEW_BUSINESS, ENDOWMENT_2, NEW_CONTRACT]
2025-06-13 04:14:16 INFO  [MockAS400Terminal] Mock connection to AS400 host: localhost:23
2025-06-13 04:14:16 INFO  [MockAS400Terminal] Mock login attempt: GIUROAL / Bucuresti2
2025-06-13 04:14:16 INFO  [MockAS400Terminal] Mock login successful
2025-06-13 04:14:16 INFO  [MockAS400Terminal] Mock sendKeys: [enter]
2025-06-13 04:14:16 INFO  [MockAS400Terminal] Mock screen transition to: NEW_BUSINESS
2025-06-13 04:14:16 INFO  [MockAS400Terminal] Mock sendKeys: [pf3]
2025-06-13 04:14:16 INFO  [MockAS400Terminal] Mock F3 navigation to: MAIN_MENU
2025-06-13 04:14:16 INFO  [MockAS400Terminal] Mock AS400 terminal disconnected
]]></system-out>
  </testcase>
</testsuite>