<?xml version="1.0" encoding="UTF-8"?>
<testsuite xmlns:xsi="http://www.w3.org/2001/XMLSchema-instance" xsi:noNamespaceSchemaLocation="https://maven.apache.org/surefire/maven-surefire-plugin/xsd/surefire-test-report-3.0.xsd" version="3.0" name="ro.nn.qa.automation.tests.RegressionTestRunner" time="254.087" tests="5" errors="0" skipped="0" failures="0">
  <properties>
[...]
</properties>
  <testcase name="Successful login with valid credentials" classname="AS400 Terminal Connection and Authentication" time="17.869">
    <system-out><![CDATA[
@ctt @as400 @config:test-sample.ctt @smoke @authentication
Scenario: Successful login with valid credentials                          &amp#27;[90m# src/test/resources/Authentication.feature:11&amp#27;[0m
2025-06-13 04:14:16 INFO  [StepsRunner] Setting up test scenario
2025-06-13 04:14:16 INFO  [AuthenticationSteps] Verifying AS400 system availability
  &amp#27;[32mGiven &amp#27;[0m&amp#27;[32mthe AS400 system is available&amp#27;[0m                                      &amp#27;[90m# ro.nn.qa.automation.steps.AuthenticationSteps.theAS400SystemIsAvailable()&amp#27;[0m
2025-06-13 04:14:16 INFO  [AuthenticationSteps] AS400 Terminal emulator initialized with CTT file: test-sample.ctt
  &amp#27;[32mAnd &amp#27;[0m&amp#27;[32mthe terminal emulator is initialized with CTT file "&amp#27;[0m&amp#27;[32m&amp#27;[1mtest-sample.ctt&amp#27;[0m&amp#27;[32m"&amp#27;[0m &amp#27;[90m# ro.nn.qa.automation.steps.AuthenticationSteps.theTerminalEmulatorIsInitializedWithCTTFile(java.lang.String)&amp#27;[0m
2025-06-13 04:14:16 INFO  [AuthenticationSteps] Valid credentials set for NRO: 72
  &amp#27;[32mGiven &amp#27;[0m&amp#27;[32mI have valid credentials for NRO "&amp#27;[0m&amp#27;[32m&amp#27;[1m72&amp#27;[0m&amp#27;[32m"&amp#27;[0m                              &amp#27;[90m# ro.nn.qa.automation.steps.AuthenticationSteps.iHaveValidCredentialsForNRO(java.lang.String)&amp#27;[0m
2025-06-13 04:14:16 INFO  [AS400Terminal] Connecting to AS400 system: localhost:23 via TELNET
2025-06-13 04:14:34 WARN  [AS400Terminal] Timeout waiting for text: MAIN
2025-06-13 04:14:34 INFO  [AS400Terminal] Successfully connected to AS400 system
2025-06-13 04:14:34 INFO  [AuthenticationSteps] Login attempt completed for user: GIUROAL
  &amp#27;[32mWhen &amp#27;[0m&amp#27;[32mI connect with username "&amp#27;[0m&amp#27;[32m&amp#27;[1mGIUROAL&amp#27;[0m&amp#27;[32m" and password "&amp#27;[0m&amp#27;[32m&amp#27;[1mBucuresti2&amp#27;[0m&amp#27;[32m"&amp#27;[0m         &amp#27;[90m# ro.nn.qa.automation.steps.AuthenticationSteps.iConnectWithUsernameAndPassword(java.lang.String,java.lang.String)&amp#27;[0m
2025-06-13 04:14:34 INFO  [AuthenticationSteps] Login verification successful
  &amp#27;[32mThen &amp#27;[0m&amp#27;[32mI should be successfully logged into the system&amp#27;[0m                     &amp#27;[90m# ro.nn.qa.automation.steps.AuthenticationSteps.iShouldBeSuccessfullyLoggedIntoTheSystem()&amp#27;[0m
2025-06-13 04:14:34 INFO  [AuthenticationSteps] Main menu verification successful
  &amp#27;[32mAnd &amp#27;[0m&amp#27;[32mI should see the main menu&amp#27;[0m                                           &amp#27;[90m# ro.nn.qa.automation.steps.AuthenticationSteps.iShouldSeeTheMainMenu()&amp#27;[0m
2025-06-13 04:14:34 INFO  [StepsRunner] Cleaning up test scenario
]]></system-out>
  </testcase>
  <testcase name="Create new contract proposal #1" classname="New Contract Creation and Management" time="58.991">
    <system-out><![CDATA[
@smoke @contract
Scenario Outline: Create new contract proposal                     &amp#27;[90m# src/test/resources/NewContract.feature:25&amp#27;[0m
2025-06-13 04:14:34 INFO  [StepsRunner] Setting up test scenario
2025-06-13 04:14:34 INFO  [AS400Terminal] Connecting to AS400 system: localhost:23 via TELNET
2025-06-13 04:14:37 INFO  [AS400Terminal] Successfully connected to AS400 system
  &amp#27;[32mGiven &amp#27;[0m&amp#27;[32mI am connected to NRO "&amp#27;[0m&amp#27;[32m&amp#27;[1m72&amp#27;[0m&amp#27;[32m" with "&amp#27;[0m&amp#27;[32m&amp#27;[1mGIUROAL&amp#27;[0m&amp#27;[32m" and "&amp#27;[0m&amp#27;[32m&amp#27;[1mBucuresti2&amp#27;[0m&amp#27;[32m"&amp#27;[0m &amp#27;[90m# ro.nn.qa.automation.steps.NewContractSteps.connect(java.lang.String,java.lang.String,java.lang.String)&amp#27;[0m
  &amp#27;[32mAnd &amp#27;[0m&amp#27;[32mI navigate to New Contract Proposal&amp#27;[0m                          &amp#27;[90m# ro.nn.qa.automation.steps.NewContractSteps.clientsMenu()&amp#27;[0m
2025-06-13 04:14:50 WARN  [BusinessObjectX] Field index 0 out of range (0--1)
  &amp#27;[32mGiven &amp#27;[0m&amp#27;[32mI create a new Contract of type "&amp#27;[0m&amp#27;[32m&amp#27;[1m1R1&amp#27;[0m&amp#27;[32m"&amp#27;[0m                      &amp#27;[90m# ro.nn.qa.automation.steps.NewContractSteps.newContract(java.lang.String)&amp#27;[0m
  &amp#27;[32mWhen &amp#27;[0m&amp#27;[32mI set the contract owner to "&amp#27;[0m&amp#27;[32m&amp#27;[1mAdrian&amp#27;[0m&amp#27;[32m"&amp#27;[0m                        &amp#27;[90m# ro.nn.qa.automation.steps.NewContractSteps.setContractOwner(java.lang.String)&amp#27;[0m
  &amp#27;[32mAnd &amp#27;[0m&amp#27;[32mI set the date to "&amp#27;[0m&amp#27;[32m&amp#27;[1m01/01/2025&amp#27;[0m&amp#27;[32m"&amp#27;[0m                               &amp#27;[90m# ro.nn.qa.automation.steps.NewContractSteps.setRiskCommDate(java.lang.String)&amp#27;[0m
  &amp#27;[32mAnd &amp#27;[0m&amp#27;[32mI set the billing frequency to "&amp#27;[0m&amp#27;[32m&amp#27;[1mM&amp#27;[0m&amp#27;[32m"&amp#27;[0m                           &amp#27;[90m# ro.nn.qa.automation.steps.NewContractSteps.setBillingFreq(java.lang.String)&amp#27;[0m
  &amp#27;[32mAnd &amp#27;[0m&amp#27;[32mI set the method of payment to "&amp#27;[0m&amp#27;[32m&amp#27;[1mC&amp#27;[0m&amp#27;[32m"&amp#27;[0m                           &amp#27;[90m# ro.nn.qa.automation.steps.NewContractSteps.setPaymentMethod(java.lang.String)&amp#27;[0m
  &amp#27;[32mAnd &amp#27;[0m&amp#27;[32mI set the serial number to "&amp#27;[0m&amp#27;[32m&amp#27;[1m1337&amp#27;[0m&amp#27;[32m"&amp#27;[0m                            &amp#27;[90m# ro.nn.qa.automation.steps.NewContractSteps.setSerialNumber(java.lang.String)&amp#27;[0m
  &amp#27;[32mAnd &amp#27;[0m&amp#27;[32mI set the agent to "&amp#27;[0m&amp#27;[32m&amp#27;[1m75540&amp#27;[0m&amp#27;[32m"&amp#27;[0m                                   &amp#27;[90m# ro.nn.qa.automation.steps.NewContractSteps.setAgent(java.lang.String)&amp#27;[0m
2025-06-13 04:15:26 INFO  [NewContractSteps] Contract submitted successfully
  &amp#27;[32mThen &amp#27;[0m&amp#27;[32mI submit the contract&amp#27;[0m                                       &amp#27;[90m# ro.nn.qa.automation.steps.NewContractSteps.iSubmitTheContract()&amp#27;[0m
2025-06-13 04:15:26 INFO  [NewContractSteps] Contract creation verified
  &amp#27;[32mAnd &amp#27;[0m&amp#27;[32mthe contract should be created successfully&amp#27;[0m                  &amp#27;[90m# ro.nn.qa.automation.steps.NewContractSteps.theContractShouldBeCreatedSuccessfully()&amp#27;[0m
2025-06-13 04:15:33 INFO  [NewContractSteps] Returned to main menu
  &amp#27;[32mThen &amp#27;[0m&amp#27;[32mI go back to the main menu&amp#27;[0m                                  &amp#27;[90m# ro.nn.qa.automation.steps.NewContractSteps.iGoBackToTheMainMenu()&amp#27;[0m
2025-06-13 04:15:33 INFO  [StepsRunner] Cleaning up test scenario
]]></system-out>
  </testcase>
  <testcase name="Create new contract proposal #2" classname="New Contract Creation and Management" time="58.971">
    <system-out><![CDATA[
@smoke @contract
Scenario Outline: Create new contract proposal                     &amp#27;[90m# src/test/resources/NewContract.feature:26&amp#27;[0m
2025-06-13 04:15:33 INFO  [StepsRunner] Setting up test scenario
2025-06-13 04:15:33 INFO  [AS400Terminal] Connecting to AS400 system: localhost:23 via TELNET
2025-06-13 04:15:36 INFO  [AS400Terminal] Successfully connected to AS400 system
  &amp#27;[32mGiven &amp#27;[0m&amp#27;[32mI am connected to NRO "&amp#27;[0m&amp#27;[32m&amp#27;[1m72&amp#27;[0m&amp#27;[32m" with "&amp#27;[0m&amp#27;[32m&amp#27;[1mGIUROAL&amp#27;[0m&amp#27;[32m" and "&amp#27;[0m&amp#27;[32m&amp#27;[1mBucuresti2&amp#27;[0m&amp#27;[32m"&amp#27;[0m &amp#27;[90m# ro.nn.qa.automation.steps.NewContractSteps.connect(java.lang.String,java.lang.String,java.lang.String)&amp#27;[0m
  &amp#27;[32mAnd &amp#27;[0m&amp#27;[32mI navigate to New Contract Proposal&amp#27;[0m                          &amp#27;[90m# ro.nn.qa.automation.steps.NewContractSteps.clientsMenu()&amp#27;[0m
2025-06-13 04:15:49 WARN  [BusinessObjectX] Field index 0 out of range (0--1)
  &amp#27;[32mGiven &amp#27;[0m&amp#27;[32mI create a new Contract of type "&amp#27;[0m&amp#27;[32m&amp#27;[1m2R1&amp#27;[0m&amp#27;[32m"&amp#27;[0m                      &amp#27;[90m# ro.nn.qa.automation.steps.NewContractSteps.newContract(java.lang.String)&amp#27;[0m
  &amp#27;[32mWhen &amp#27;[0m&amp#27;[32mI set the contract owner to "&amp#27;[0m&amp#27;[32m&amp#27;[1mMaria&amp#27;[0m&amp#27;[32m"&amp#27;[0m                         &amp#27;[90m# ro.nn.qa.automation.steps.NewContractSteps.setContractOwner(java.lang.String)&amp#27;[0m
  &amp#27;[32mAnd &amp#27;[0m&amp#27;[32mI set the date to "&amp#27;[0m&amp#27;[32m&amp#27;[1m15/02/2025&amp#27;[0m&amp#27;[32m"&amp#27;[0m                               &amp#27;[90m# ro.nn.qa.automation.steps.NewContractSteps.setRiskCommDate(java.lang.String)&amp#27;[0m
  &amp#27;[32mAnd &amp#27;[0m&amp#27;[32mI set the billing frequency to "&amp#27;[0m&amp#27;[32m&amp#27;[1mQ&amp#27;[0m&amp#27;[32m"&amp#27;[0m                           &amp#27;[90m# ro.nn.qa.automation.steps.NewContractSteps.setBillingFreq(java.lang.String)&amp#27;[0m
  &amp#27;[32mAnd &amp#27;[0m&amp#27;[32mI set the method of payment to "&amp#27;[0m&amp#27;[32m&amp#27;[1mD&amp#27;[0m&amp#27;[32m"&amp#27;[0m                           &amp#27;[90m# ro.nn.qa.automation.steps.NewContractSteps.setPaymentMethod(java.lang.String)&amp#27;[0m
  &amp#27;[32mAnd &amp#27;[0m&amp#27;[32mI set the serial number to "&amp#27;[0m&amp#27;[32m&amp#27;[1m1338&amp#27;[0m&amp#27;[32m"&amp#27;[0m                            &amp#27;[90m# ro.nn.qa.automation.steps.NewContractSteps.setSerialNumber(java.lang.String)&amp#27;[0m
  &amp#27;[32mAnd &amp#27;[0m&amp#27;[32mI set the agent to "&amp#27;[0m&amp#27;[32m&amp#27;[1m75541&amp#27;[0m&amp#27;[32m"&amp#27;[0m                                   &amp#27;[90m# ro.nn.qa.automation.steps.NewContractSteps.setAgent(java.lang.String)&amp#27;[0m
2025-06-13 04:16:25 INFO  [NewContractSteps] Contract submitted successfully
  &amp#27;[32mThen &amp#27;[0m&amp#27;[32mI submit the contract&amp#27;[0m                                       &amp#27;[90m# ro.nn.qa.automation.steps.NewContractSteps.iSubmitTheContract()&amp#27;[0m
2025-06-13 04:16:25 INFO  [NewContractSteps] Contract creation verified
  &amp#27;[32mAnd &amp#27;[0m&amp#27;[32mthe contract should be created successfully&amp#27;[0m                  &amp#27;[90m# ro.nn.qa.automation.steps.NewContractSteps.theContractShouldBeCreatedSuccessfully()&amp#27;[0m
2025-06-13 04:16:32 INFO  [NewContractSteps] Returned to main menu
  &amp#27;[32mThen &amp#27;[0m&amp#27;[32mI go back to the main menu&amp#27;[0m                                  &amp#27;[90m# ro.nn.qa.automation.steps.NewContractSteps.iGoBackToTheMainMenu()&amp#27;[0m
2025-06-13 04:16:32 INFO  [StepsRunner] Cleaning up test scenario
]]></system-out>
  </testcase>
  <testcase name="Create new contract proposal #3" classname="New Contract Creation and Management" time="59.045">
    <system-out><![CDATA[
@smoke @contract
Scenario Outline: Create new contract proposal                     &amp#27;[90m# src/test/resources/NewContract.feature:27&amp#27;[0m
2025-06-13 04:16:32 INFO  [StepsRunner] Setting up test scenario
2025-06-13 04:16:32 INFO  [AS400Terminal] Connecting to AS400 system: localhost:23 via TELNET
2025-06-13 04:16:35 INFO  [AS400Terminal] Successfully connected to AS400 system
  &amp#27;[32mGiven &amp#27;[0m&amp#27;[32mI am connected to NRO "&amp#27;[0m&amp#27;[32m&amp#27;[1m72&amp#27;[0m&amp#27;[32m" with "&amp#27;[0m&amp#27;[32m&amp#27;[1mGIUROAL&amp#27;[0m&amp#27;[32m" and "&amp#27;[0m&amp#27;[32m&amp#27;[1mBucuresti2&amp#27;[0m&amp#27;[32m"&amp#27;[0m &amp#27;[90m# ro.nn.qa.automation.steps.NewContractSteps.connect(java.lang.String,java.lang.String,java.lang.String)&amp#27;[0m
  &amp#27;[32mAnd &amp#27;[0m&amp#27;[32mI navigate to New Contract Proposal&amp#27;[0m                          &amp#27;[90m# ro.nn.qa.automation.steps.NewContractSteps.clientsMenu()&amp#27;[0m
2025-06-13 04:16:48 WARN  [BusinessObjectX] Field index 0 out of range (0--1)
  &amp#27;[32mGiven &amp#27;[0m&amp#27;[32mI create a new Contract of type "&amp#27;[0m&amp#27;[32m&amp#27;[1m1R2&amp#27;[0m&amp#27;[32m"&amp#27;[0m                      &amp#27;[90m# ro.nn.qa.automation.steps.NewContractSteps.newContract(java.lang.String)&amp#27;[0m
  &amp#27;[32mWhen &amp#27;[0m&amp#27;[32mI set the contract owner to "&amp#27;[0m&amp#27;[32m&amp#27;[1mJohn&amp#27;[0m&amp#27;[32m"&amp#27;[0m                          &amp#27;[90m# ro.nn.qa.automation.steps.NewContractSteps.setContractOwner(java.lang.String)&amp#27;[0m
  &amp#27;[32mAnd &amp#27;[0m&amp#27;[32mI set the date to "&amp#27;[0m&amp#27;[32m&amp#27;[1m01/03/2025&amp#27;[0m&amp#27;[32m"&amp#27;[0m                               &amp#27;[90m# ro.nn.qa.automation.steps.NewContractSteps.setRiskCommDate(java.lang.String)&amp#27;[0m
  &amp#27;[32mAnd &amp#27;[0m&amp#27;[32mI set the billing frequency to "&amp#27;[0m&amp#27;[32m&amp#27;[1mA&amp#27;[0m&amp#27;[32m"&amp#27;[0m                           &amp#27;[90m# ro.nn.qa.automation.steps.NewContractSteps.setBillingFreq(java.lang.String)&amp#27;[0m
  &amp#27;[32mAnd &amp#27;[0m&amp#27;[32mI set the method of payment to "&amp#27;[0m&amp#27;[32m&amp#27;[1mC&amp#27;[0m&amp#27;[32m"&amp#27;[0m                           &amp#27;[90m# ro.nn.qa.automation.steps.NewContractSteps.setPaymentMethod(java.lang.String)&amp#27;[0m
  &amp#27;[32mAnd &amp#27;[0m&amp#27;[32mI set the serial number to "&amp#27;[0m&amp#27;[32m&amp#27;[1m1339&amp#27;[0m&amp#27;[32m"&amp#27;[0m                            &amp#27;[90m# ro.nn.qa.automation.steps.NewContractSteps.setSerialNumber(java.lang.String)&amp#27;[0m
  &amp#27;[32mAnd &amp#27;[0m&amp#27;[32mI set the agent to "&amp#27;[0m&amp#27;[32m&amp#27;[1m75542&amp#27;[0m&amp#27;[32m"&amp#27;[0m                                   &amp#27;[90m# ro.nn.qa.automation.steps.NewContractSteps.setAgent(java.lang.String)&amp#27;[0m
2025-06-13 04:17:24 INFO  [NewContractSteps] Contract submitted successfully
  &amp#27;[32mThen &amp#27;[0m&amp#27;[32mI submit the contract&amp#27;[0m                                       &amp#27;[90m# ro.nn.qa.automation.steps.NewContractSteps.iSubmitTheContract()&amp#27;[0m
2025-06-13 04:17:24 INFO  [NewContractSteps] Contract creation verified
  &amp#27;[32mAnd &amp#27;[0m&amp#27;[32mthe contract should be created successfully&amp#27;[0m                  &amp#27;[90m# ro.nn.qa.automation.steps.NewContractSteps.theContractShouldBeCreatedSuccessfully()&amp#27;[0m
2025-06-13 04:17:31 INFO  [NewContractSteps] Returned to main menu
  &amp#27;[32mThen &amp#27;[0m&amp#27;[32mI go back to the main menu&amp#27;[0m                                  &amp#27;[90m# ro.nn.qa.automation.steps.NewContractSteps.iGoBackToTheMainMenu()&amp#27;[0m
2025-06-13 04:17:31 INFO  [StepsRunner] Cleaning up test scenario
]]></system-out>
  </testcase>
  <testcase name="1. Login" classname="AS400 General Test" time="59.178">
    <system-out><![CDATA[
@ctt @as400 @config:test-sample.ctt
Scenario Outline: 1. Login                                                 &amp#27;[90m# src/test/resources/test.feature:31&amp#27;[0m
2025-06-13 04:17:31 INFO  [StepsRunner] Setting up test scenario
2025-06-13 04:17:31 INFO  [AuthenticationSteps] Verifying AS400 system availability
  &amp#27;[32mGiven &amp#27;[0m&amp#27;[32mthe AS400 system is available&amp#27;[0m                                      &amp#27;[90m# ro.nn.qa.automation.steps.AuthenticationSteps.theAS400SystemIsAvailable()&amp#27;[0m
2025-06-13 04:17:31 INFO  [AuthenticationSteps] AS400 Terminal emulator initialized with CTT file: test-sample.ctt
  &amp#27;[32mAnd &amp#27;[0m&amp#27;[32mthe terminal emulator is initialized with CTT file "&amp#27;[0m&amp#27;[32m&amp#27;[1mtest-sample.ctt&amp#27;[0m&amp#27;[32m"&amp#27;[0m &amp#27;[90m# ro.nn.qa.automation.steps.AuthenticationSteps.theTerminalEmulatorIsInitializedWithCTTFile(java.lang.String)&amp#27;[0m
2025-06-13 04:17:31 INFO  [AS400Terminal] Connecting to AS400 system: localhost:23 via TELNET
2025-06-13 04:17:34 INFO  [AS400Terminal] Successfully connected to AS400 system
2025-06-13 04:17:34 INFO  [Steps] Connected to AS400 NRO system
  &amp#27;[32mGiven &amp#27;[0m&amp#27;[32mI am connected to NRO&amp#27;[0m                                              &amp#27;[90m# ro.nn.qa.automation.steps.Steps.iAmConnectedToNRO()&amp#27;[0m
2025-06-13 04:17:34 INFO  [Steps] Successfully logged in with user: GIUROAL
  &amp#27;[32mAnd &amp#27;[0m&amp#27;[32mI login with "&amp#27;[0m&amp#27;[32m&amp#27;[1mGIUROAL&amp#27;[0m&amp#27;[32m" and "&amp#27;[0m&amp#27;[32m&amp#27;[1mBucuresti2&amp#27;[0m&amp#27;[32m"&amp#27;[0m                              &amp#27;[90m# ro.nn.qa.automation.steps.Steps.iLoginWith(java.lang.String,java.lang.String)&amp#27;[0m
2025-06-13 04:17:34 INFO  [Steps] Successfully navigated to main page of environment: 72
  &amp#27;[32mAnd &amp#27;[0m&amp#27;[32mI should be on the main page of "&amp#27;[0m&amp#27;[32m&amp#27;[1m72&amp#27;[0m&amp#27;[32m"&amp#27;[0m                                 &amp#27;[90m# ro.nn.qa.automation.steps.Steps.iShouldBeOnTheMainPageOf(java.lang.String)&amp#27;[0m
2025-06-13 04:17:34 INFO  [Steps] Navigating to contract creation menu
2025-06-13 04:17:34 INFO  [Steps] Successfully navigated to contract creation
  &amp#27;[32mAnd &amp#27;[0m&amp#27;[32mI navigate to contract creation&amp#27;[0m                                      &amp#27;[90m# ro.nn.qa.automation.steps.Steps.iNavigateToContractCreation()&amp#27;[0m
2025-06-13 04:17:36 INFO  [Steps] Navigated to add personal client screen
  &amp#27;[32mAnd &amp#27;[0m&amp#27;[32mI add personal client&amp#27;[0m                                                &amp#27;[90m# ro.nn.qa.automation.steps.Steps.iAddPersonalClient()&amp#27;[0m
2025-06-13 04:17:46 INFO  [Steps] Created new person: Sylvia Stark
  &amp#27;[32mThen &amp#27;[0m&amp#27;[32mI create a new person&amp#27;[0m                                               &amp#27;[90m# ro.nn.qa.automation.steps.Steps.iCreateANewPerson()&amp#27;[0m
2025-06-13 04:17:49 INFO  [Steps] Navigated to add personal client screen
  &amp#27;[32mAnd &amp#27;[0m&amp#27;[32mI add personal client&amp#27;[0m                                                &amp#27;[90m# ro.nn.qa.automation.steps.Steps.iAddPersonalClient()&amp#27;[0m
2025-06-13 04:17:57 INFO  [Steps] Created new person: Sanford Gaylord
  &amp#27;[32mThen &amp#27;[0m&amp#27;[32mI create a new person&amp#27;[0m                                               &amp#27;[90m# ro.nn.qa.automation.steps.Steps.iCreateANewPerson()&amp#27;[0m
2025-06-13 04:18:00 INFO  [Steps] Navigated to add personal client screen
  &amp#27;[32mAnd &amp#27;[0m&amp#27;[32mI add personal client&amp#27;[0m                                                &amp#27;[90m# ro.nn.qa.automation.steps.Steps.iAddPersonalClient()&amp#27;[0m
2025-06-13 04:18:08 INFO  [Steps] Created new person: Jermaine Hagenes
  &amp#27;[32mThen &amp#27;[0m&amp#27;[32mI create a new person&amp#27;[0m                                               &amp#27;[90m# ro.nn.qa.automation.steps.Steps.iCreateANewPerson()&amp#27;[0m
2025-06-13 04:18:11 INFO  [Steps] Navigated to add personal client screen
  &amp#27;[32mAnd &amp#27;[0m&amp#27;[32mI add personal client&amp#27;[0m                                                &amp#27;[90m# ro.nn.qa.automation.steps.Steps.iAddPersonalClient()&amp#27;[0m
2025-06-13 04:18:19 INFO  [Steps] Created new person: Valeria Schaden
  &amp#27;[32mThen &amp#27;[0m&amp#27;[32mI create a new person&amp#27;[0m                                               &amp#27;[90m# ro.nn.qa.automation.steps.Steps.iCreateANewPerson()&amp#27;[0m
2025-06-13 04:18:22 INFO  [Steps] Navigated to add personal client screen
  &amp#27;[32mAnd &amp#27;[0m&amp#27;[32mI add personal client&amp#27;[0m                                                &amp#27;[90m# ro.nn.qa.automation.steps.Steps.iAddPersonalClient()&amp#27;[0m
2025-06-13 04:18:30 INFO  [Steps] Created new person: Vernon Wiegand
  &amp#27;[32mThen &amp#27;[0m&amp#27;[32mI create a new person&amp#27;[0m                                               &amp#27;[90m# ro.nn.qa.automation.steps.Steps.iCreateANewPerson()&amp#27;[0m
2025-06-13 04:18:30 INFO  [StepsRunner] Cleaning up test scenario
]]></system-out>
  </testcase>
</testsuite>